<?xml version="1.0" encoding="UTF-8"?>
<!-- Generated by org.testng.reporters.JUnitReportReporter -->
<testsuite hostname="VadymStavskyi-PC" name="GoogleTest.TestHomePage" tests="1" failures="0" timestamp="4 Sep 2017 13:42:43 GMT" time="3.010" errors="0">
  <testcase name="testSearch" time="3.010" classname="GoogleTest.TestHomePage"/>
</testsuite>
