<?xml version="1.0" encoding="UTF-8"?>
<!-- Generated by org.testng.reporters.JUnitReportReporter -->
<testsuite hostname="VadymStavskyi-PC" name="AmazonTest.TestAddingItemToCard" tests="1" failures="0" timestamp="4 Sep 2017 13:42:43 GMT" time="17.236" errors="0">
  <testcase name="testAddingItemToCard" time="17.236" classname="AmazonTest.TestAddingItemToCard"/>
</testsuite>
